{"C:\\myProjects\\ASE\\ASE-Disaster-Backend\\routes\\spamDetector.js": {"path":"C:\\myProjects\\ASE\\ASE-Disaster-Backend\\routes\\spamDetector.js","statementMap":{"0":{"start":{"line":83,"column":2},"end":{"line":83,"column":20}},"1":{"start":{"line":84,"column":2},"end":{"line":84,"column":20}},"2":{"start":{"line":87,"column":0},"end":{"line":87,"column":32}},"3":{"start":{"line":89,"column":0},"end":{"line":92,"column":2}},"4":{"start":{"line":90,"column":2},"end":{"line":90,"column":46}},"5":{"start":{"line":91,"column":2},"end":{"line":91,"column":45}}},"fnMap":{"0":{"name":"predictMessage","decl":{"start":{"line":65,"column":9},"end":{"line":65,"column":23}},"loc":{"start":{"line":65,"column":33},"end":{"line":85,"column":1}},"line":65},"1":{"name":"(anonymous_1)","decl":{"start":{"line":89,"column":15},"end":{"line":89,"column":16}},"loc":{"start":{"line":89,"column":19},"end":{"line":92,"column":1}},"line":89}},"branchMap":{},"s":{"0":3,"1":3,"2":2,"3":2,"4":2,"5":2},"f":{"0":3,"1":2},"b":{},"_coverageSchema":"1a1c01bbd47fc00a2c39e90264f33305004495a9","hash":"0c4af7c6a2b591d9f78415ab0df0f39a795f7657"}
,"C:\\myProjects\\ASE\\ASE-Disaster-Backend\\tests\\routes\\sum": {"path":"C:\\myProjects\\ASE\\ASE-Disaster-Backend\\tests\\routes\\sum","statementMap":{"0":{"start":{"line":2,"column":2},"end":{"line":2,"column":15}},"1":{"start":{"line":4,"column":0},"end":{"line":4,"column":21}}},"fnMap":{"0":{"name":"sum","decl":{"start":{"line":1,"column":9},"end":{"line":1,"column":12}},"loc":{"start":{"line":1,"column":19},"end":{"line":3,"column":1}},"line":1}},"branchMap":{},"s":{"0":1,"1":1},"f":{"0":1},"b":{},"inputSourceMap":null,"_coverageSchema":"1a1c01bbd47fc00a2c39e90264f33305004495a9","hash":"369dadcf9a7dde9c4f5e8a8da37252551c8b62f7"}
}
